app/build/intermediates/manifest_merge_blame_file/debug/manifest-merger-blame-debug-report.txt
1<?xml version="1.0" encoding="utf-8"?>
2<manifest xmlns:android="http://schemas.android.com/apk/res/android"
3    package="jkas.datagridviewsample"
4    android:versionCode="1"
5    android:versionName="1.0" >
6
7    <uses-sdk
8        android:minSdkVersion="21"
9        android:targetSdkVersion="33" />
10
11    <queries>
11-->[com.itsaky.androidide:logsender:2.7.1-beta] AndroidManifest.xml:23:5-25:15
12        <package android:name="com.itsaky.androidide" />
12-->[com.itsaky.androidide:logsender:2.7.1-beta] AndroidManifest.xml:24:9-57
12-->[com.itsaky.androidide:logsender:2.7.1-beta] AndroidManifest.xml:24:18-54
13    </queries>
14
15    <uses-permission android:name="android.permission.INTERNET" />
15-->[com.itsaky.androidide:logsender:2.7.1-beta] AndroidManifest.xml:27:5-67
15-->[com.itsaky.androidide:logsender:2.7.1-beta] AndroidManifest.xml:27:22-64
16    <uses-permission android:name="com.itsaky.androidide.permission.BIND_LOG_SERVICE" />
16-->[com.itsaky.androidide:logsender:2.7.1-beta] AndroidManifest.xml:28:5-89
16-->[com.itsaky.androidide:logsender:2.7.1-beta] AndroidManifest.xml:28:22-86
17    <uses-permission android:name="android.permission.FOREGROUND_SERVICE" />
17-->[com.itsaky.androidide:logsender:2.7.1-beta] AndroidManifest.xml:29:5-77
17-->[com.itsaky.androidide:logsender:2.7.1-beta] AndroidManifest.xml:29:22-74
18
19    <permission
19-->[androidx.core:core:1.13.0] AndroidManifest.xml:22:5-24:47
20        android:name="jkas.datagridviewsample.DYNAMIC_RECEIVER_NOT_EXPORTED_PERMISSION"
20-->[androidx.core:core:1.13.0] AndroidManifest.xml:23:9-81
21        android:protectionLevel="signature" />
21-->[androidx.core:core:1.13.0] AndroidManifest.xml:24:9-44
22
23    <uses-permission android:name="jkas.datagridviewsample.DYNAMIC_RECEIVER_NOT_EXPORTED_PERMISSION" />
23-->[androidx.core:core:1.13.0] AndroidManifest.xml:26:5-97
23-->[androidx.core:core:1.13.0] AndroidManifest.xml:26:22-94
24
25    <application
25-->src/main/AndroidManifest.xml:3:5-20:19
26        android:allowBackup="false"
26-->src/main/AndroidManifest.xml:4:9-36
27        android:appComponentFactory="androidx.core.app.CoreComponentFactory"
27-->[androidx.core:core:1.13.0] AndroidManifest.xml:28:18-86
28        android:debuggable="true"
29        android:extractNativeLibs="true"
30        android:hardwareAccelerated="true"
30-->src/main/AndroidManifest.xml:5:9-43
31        android:icon="@drawable/ic_grid"
31-->src/main/AndroidManifest.xml:6:9-41
32        android:label="@string/app_name"
32-->src/main/AndroidManifest.xml:7:9-41
33        android:roundIcon="@drawable/ic_grid"
33-->src/main/AndroidManifest.xml:8:9-46
34        android:screenOrientation="portrait"
34-->src/main/AndroidManifest.xml:10:9-45
35        android:supportsRtl="true"
35-->src/main/AndroidManifest.xml:9:9-35
36        android:theme="@style/Theme.Application" >
36-->src/main/AndroidManifest.xml:11:9-49
37        <activity
37-->src/main/AndroidManifest.xml:12:9-19:20
38            android:name="jkas.datagridviewsample.MainActivity"
38-->src/main/AndroidManifest.xml:13:13-41
39            android:exported="true" >
39-->src/main/AndroidManifest.xml:14:13-36
40            <intent-filter>
40-->src/main/AndroidManifest.xml:15:13-18:29
41                <action android:name="android.intent.action.MAIN" />
41-->src/main/AndroidManifest.xml:16:17-69
41-->src/main/AndroidManifest.xml:16:25-66
42
43                <category android:name="android.intent.category.LAUNCHER" />
43-->src/main/AndroidManifest.xml:17:17-77
43-->src/main/AndroidManifest.xml:17:27-74
44            </intent-filter>
45        </activity>
46
47        <provider
47-->[com.itsaky.androidide:logsender:2.7.1-beta] AndroidManifest.xml:32:9-36:40
48            android:name="com.itsaky.androidide.logsender.utils.LogSenderInstaller"
48-->[com.itsaky.androidide:logsender:2.7.1-beta] AndroidManifest.xml:33:13-84
49            android:authorities="jkas.datagridviewsample.logsender-installer"
49-->[com.itsaky.androidide:logsender:2.7.1-beta] AndroidManifest.xml:34:13-71
50            android:enabled="@bool/logsender_enabled"
50-->[com.itsaky.androidide:logsender:2.7.1-beta] AndroidManifest.xml:35:13-54
51            android:exported="false" />
51-->[com.itsaky.androidide:logsender:2.7.1-beta] AndroidManifest.xml:36:13-37
52
53        <service
53-->[com.itsaky.androidide:logsender:2.7.1-beta] AndroidManifest.xml:38:9-41:56
54            android:name="com.itsaky.androidide.logsender.LogSenderService"
54-->[com.itsaky.androidide:logsender:2.7.1-beta] AndroidManifest.xml:39:13-76
55            android:exported="false"
55-->[com.itsaky.androidide:logsender:2.7.1-beta] AndroidManifest.xml:40:13-37
56            android:foregroundServiceType="dataSync" />
56-->[com.itsaky.androidide:logsender:2.7.1-beta] AndroidManifest.xml:41:13-53
57
58        <provider
58-->[androidx.emoji2:emoji2:1.3.0] AndroidManifest.xml:24:9-32:20
59            android:name="androidx.startup.InitializationProvider"
59-->[androidx.emoji2:emoji2:1.3.0] AndroidManifest.xml:25:13-67
60            android:authorities="jkas.datagridviewsample.androidx-startup"
60-->[androidx.emoji2:emoji2:1.3.0] AndroidManifest.xml:26:13-68
61            android:exported="false" >
61-->[androidx.emoji2:emoji2:1.3.0] AndroidManifest.xml:27:13-37
62            <meta-data
62-->[androidx.emoji2:emoji2:1.3.0] AndroidManifest.xml:29:13-31:52
63                android:name="androidx.emoji2.text.EmojiCompatInitializer"
63-->[androidx.emoji2:emoji2:1.3.0] AndroidManifest.xml:30:17-75
64                android:value="androidx.startup" />
64-->[androidx.emoji2:emoji2:1.3.0] AndroidManifest.xml:31:17-49
65            <meta-data
65-->[androidx.lifecycle:lifecycle-process:2.6.2] AndroidManifest.xml:29:13-31:52
66                android:name="androidx.lifecycle.ProcessLifecycleInitializer"
66-->[androidx.lifecycle:lifecycle-process:2.6.2] AndroidManifest.xml:30:17-78
67                android:value="androidx.startup" />
67-->[androidx.lifecycle:lifecycle-process:2.6.2] AndroidManifest.xml:31:17-49
68            <meta-data
68-->[androidx.profileinstaller:profileinstaller:1.3.1] AndroidManifest.xml:29:13-31:52
69                android:name="androidx.profileinstaller.ProfileInstallerInitializer"
69-->[androidx.profileinstaller:profileinstaller:1.3.1] AndroidManifest.xml:30:17-85
70                android:value="androidx.startup" />
70-->[androidx.profileinstaller:profileinstaller:1.3.1] AndroidManifest.xml:31:17-49
71        </provider>
72
73        <receiver
73-->[androidx.profileinstaller:profileinstaller:1.3.1] AndroidManifest.xml:34:9-52:20
74            android:name="androidx.profileinstaller.ProfileInstallReceiver"
74-->[androidx.profileinstaller:profileinstaller:1.3.1] AndroidManifest.xml:35:13-76
75            android:directBootAware="false"
75-->[androidx.profileinstaller:profileinstaller:1.3.1] AndroidManifest.xml:36:13-44
76            android:enabled="true"
76-->[androidx.profileinstaller:profileinstaller:1.3.1] AndroidManifest.xml:37:13-35
77            android:exported="true"
77-->[androidx.profileinstaller:profileinstaller:1.3.1] AndroidManifest.xml:38:13-36
78            android:permission="android.permission.DUMP" >
78-->[androidx.profileinstaller:profileinstaller:1.3.1] AndroidManifest.xml:39:13-57
79            <intent-filter>
79-->[androidx.profileinstaller:profileinstaller:1.3.1] AndroidManifest.xml:40:13-42:29
80                <action android:name="androidx.profileinstaller.action.INSTALL_PROFILE" />
80-->[androidx.profileinstaller:profileinstaller:1.3.1] AndroidManifest.xml:41:17-91
80-->[androidx.profileinstaller:profileinstaller:1.3.1] AndroidManifest.xml:41:25-88
81            </intent-filter>
82            <intent-filter>
82-->[androidx.profileinstaller:profileinstaller:1.3.1] AndroidManifest.xml:43:13-45:29
83                <action android:name="androidx.profileinstaller.action.SKIP_FILE" />
83-->[androidx.profileinstaller:profileinstaller:1.3.1] AndroidManifest.xml:44:17-85
83-->[androidx.profileinstaller:profileinstaller:1.3.1] AndroidManifest.xml:44:25-82
84            </intent-filter>
85            <intent-filter>
85-->[androidx.profileinstaller:profileinstaller:1.3.1] AndroidManifest.xml:46:13-48:29
86                <action android:name="androidx.profileinstaller.action.SAVE_PROFILE" />
86-->[androidx.profileinstaller:profileinstaller:1.3.1] AndroidManifest.xml:47:17-88
86-->[androidx.profileinstaller:profileinstaller:1.3.1] AndroidManifest.xml:47:25-85
87            </intent-filter>
88            <intent-filter>
88-->[androidx.profileinstaller:profileinstaller:1.3.1] AndroidManifest.xml:49:13-51:29
89                <action android:name="androidx.profileinstaller.action.BENCHMARK_OPERATION" />
89-->[androidx.profileinstaller:profileinstaller:1.3.1] AndroidManifest.xml:50:17-95
89-->[androidx.profileinstaller:profileinstaller:1.3.1] AndroidManifest.xml:50:25-92
90            </intent-filter>
91        </receiver>
92    </application>
93
94</manifest>